{"numFailedTestSuites":0,"numFailedTests":0,"numPassedTestSuites":3,"numPassedTests":10,"numPendingTestSuites":0,"numPendingTests":0,"numRuntimeErrorTestSuites":0,"numTodoTests":0,"numTotalTestSuites":3,"numTotalTests":10,"openHandles":[],"snapshot":{"added":0,"didUpdate":false,"failure":false,"filesAdded":0,"filesRemoved":0,"filesRemovedList":[],"filesUnmatched":0,"filesUpdated":0,"matched":0,"total":0,"unchecked":0,"uncheckedKeysByFile":[],"unmatched":0,"updated":0},"startTime":1753332812140,"success":true,"testResults":[{"assertionResults":[{"ancestorTitles":["ProjectListing"],"failureMessages":[],"fullName":"ProjectListing renderProjectListingPage","location":null,"status":"passed","title":"renderProjectListingPage"},{"ancestorTitles":["ProjectListing"],"failureMessages":[],"fullName":"ProjectListing handleEmptyProjectList","location":null,"status":"passed","title":"handleEmptyProjectList"},{"ancestorTitles":["ProjectListing"],"failureMessages":[],"fullName":"ProjectListing shows error if backend fails","location":null,"status":"passed","title":"shows error if backend fails"}],"endTime":1753332815410,"message":"","name":"/home/coder/project/workspace/question_generation_service/solutions/9c586973-fafe-4b5e-85c6-cc88f48e915a/reactapp/src/components/ProjectListing.test.js","startTime":1753332813159,"status":"passed","summary":""},{"assertionResults":[{"ancestorTitles":["ProposalForm"],"failureMessages":[],"fullName":"ProposalForm validateProposalForm","location":null,"status":"passed","title":"validateProposalForm"},{"ancestorTitles":["ProposalForm"],"failureMessages":[],"fullName":"ProposalForm submitProposalSuccess","location":null,"status":"passed","title":"submitProposalSuccess"},{"ancestorTitles":["ProposalForm"],"failureMessages":[],"fullName":"ProposalForm shows API error","location":null,"status":"passed","title":"shows API error"},{"ancestorTitles":["ProposalForm"],"failureMessages":[],"fullName":"ProposalForm disables submit button when invalid","location":null,"status":"passed","title":"disables submit button when invalid"}],"endTime":1753332815465,"message":"","name":"/home/coder/project/workspace/question_generation_service/solutions/9c586973-fafe-4b5e-85c6-cc88f48e915a/reactapp/src/components/ProposalForm.test.js","startTime":1753332813176,"status":"passed","summary":""},{"assertionResults":[{"ancestorTitles":["ProjectDetails"],"failureMessages":[],"fullName":"ProjectDetails renderProjectDetailsPage","location":null,"status":"passed","title":"renderProjectDetailsPage"},{"ancestorTitles":["ProjectDetails"],"failureMessages":[],"fullName":"ProjectDetails shows error if API fails","location":null,"status":"passed","title":"shows error if API fails"},{"ancestorTitles":["ProjectDetails"],"failureMessages":[],"fullName":"ProjectDetails toggles proposal form","location":null,"status":"passed","title":"toggles proposal form"}],"endTime":1753332815530,"message":"","name":"/home/coder/project/workspace/question_generation_service/solutions/9c586973-fafe-4b5e-85c6-cc88f48e915a/reactapp/src/components/ProjectDetails.test.js","startTime":1753332813137,"status":"passed","summary":""}],"wasInterrupted":false}